{"/Users/zameerabdulkalamnagaral/commit-conquer/tests/fixtures/commits.ts": {"path":"/Users/zameerabdulkalamnagaral/commit-conquer/tests/fixtures/commits.ts","statementMap":{"0":{"start":{"line":11,"column":13},"end":{"line":44,"column":2}},"1":{"start":{"line":46,"column":13},"end":{"line":49,"column":2}},"2":{"start":{"line":52,"column":13},"end":{"line":57,"column":2}}},"fnMap":{},"branchMap":{},"s":{"0":3,"1":3,"2":3},"f":{},"b":{}}
,"/Users/zameerabdulkalamnagaral/commit-conquer/tests/fixtures/users.ts": {"path":"/Users/zameerabdulkalamnagaral/commit-conquer/tests/fixtures/users.ts","statementMap":{"0":{"start":{"line":1,"column":0},"end":{"line":1,"column":68}},"1":{"start":{"line":12,"column":13},"end":{"line":37,"column":2}},"2":{"start":{"line":39,"column":13},"end":{"line":43,"column":2}},"3":{"start":{"line":46,"column":13},"end":{"line":52,"column":2}}},"fnMap":{},"branchMap":{},"s":{"0":3,"1":3,"2":3,"3":3},"f":{},"b":{}}
,"/Users/zameerabdulkalamnagaral/commit-conquer/tests/helpers/testServer.ts": {"path":"/Users/zameerabdulkalamnagaral/commit-conquer/tests/helpers/testServer.ts","statementMap":{"0":{"start":{"line":9,"column":0},"end":{"line":9,"column":16}},"1":{"start":{"line":2,"column":0},"end":{"line":2,"column":58}},"2":{"start":{"line":3,"column":0},"end":{"line":3,"column":34}},"3":{"start":{"line":10,"column":14},"end":{"line":10,"column":25}},"4":{"start":{"line":11,"column":18},"end":{"line":11,"column":32}},"5":{"start":{"line":12,"column":2},"end":{"line":12,"column":26}},"6":{"start":{"line":16,"column":13},"end":{"line":16,"column":52}},"7":{"start":{"line":17,"column":13},"end":{"line":17,"column":46}}},"fnMap":{"0":{"name":"createTestServer","decl":{"start":{"line":9,"column":16},"end":{"line":9,"column":32}},"loc":{"start":{"line":9,"column":32},"end":{"line":13,"column":1}}}},"branchMap":{},"s":{"0":1,"1":1,"2":1,"3":1,"4":1,"5":1,"6":1,"7":1},"f":{"0":1},"b":{}}
}
